c:\june8th_openark\openark-sdk\x64\release\vc140.pdb
c:\june8th_openark\openark-sdk\x64\release\webcam.obj
c:\june8th_openark\openark-sdk\x64\release\visualizer.obj
c:\june8th_openark\openark-sdk\x64\release\util.obj
c:\june8th_openark\openark-sdk\x64\release\udpsender.obj
c:\june8th_openark\openark-sdk\x64\release\streamingaverager.obj
c:\june8th_openark\openark-sdk\x64\release\sr300camera.obj
c:\june8th_openark\openark-sdk\x64\release\rgbcamera.obj
c:\june8th_openark\openark-sdk\x64\release\pmdcamera.obj
c:\june8th_openark\openark-sdk\x64\release\plane.obj
c:\june8th_openark\openark-sdk\x64\release\object3d.obj
c:\june8th_openark\openark-sdk\x64\release\main.obj
c:\june8th_openark\openark-sdk\x64\release\hand.obj
c:\june8th_openark\openark-sdk\x64\release\global.obj
c:\june8th_openark\openark-sdk\x64\release\depthcamera.obj
c:\june8th_openark\openark-sdk\x64\release\converter.obj
c:\june8th_openark\openark-sdk\x64\release\calibration.obj
c:\june8th_openark\x64\release\openark-sdk.exe
c:\june8th_openark\x64\release\openark-sdk.ipdb
c:\june8th_openark\x64\release\openark-sdk.iobj
c:\june8th_openark\x64\release\openark-sdk.pdb
c:\june8th_openark\openark-sdk\x64\release\openark-sdk.tlog\cl.command.1.tlog
c:\june8th_openark\openark-sdk\x64\release\openark-sdk.tlog\cl.read.1.tlog
c:\june8th_openark\openark-sdk\x64\release\openark-sdk.tlog\cl.write.1.tlog
c:\june8th_openark\openark-sdk\x64\release\openark-sdk.tlog\link.command.1.tlog
c:\june8th_openark\openark-sdk\x64\release\openark-sdk.tlog\link.read.1.tlog
c:\june8th_openark\openark-sdk\x64\release\openark-sdk.tlog\link.write.1.tlog
